<?xml version="1.0" encoding="UTF-8"?>
<robot generator="Robot 4.1.3 (Python 3.10.1 on win32)" generated="20220104 10:37:15.911" rpa="false" schemaversion="2">
<suite id="s1" name="TestCase1" source="C:\Development\robot-scripts\Project2\Tests\TestCase1.robot">
<test id="s1-t1" name="Test Case to try If-Else in Robot Framewotk">
<kw name="Start web Test" library="CommonWeb" type="SETUP">
<kw name="Open Browser" library="SeleniumLibrary">
<arg>${URL}</arg>
<arg>${BROWSER}</arg>
<doc>Opens a new browser instance to the optional ``url``.</doc>
<msg timestamp="20220104 10:37:16.286" level="INFO">Opening browser 'chrome' to base url 'https://www.saucedemo.com/'.</msg>
<status status="PASS" starttime="20220104 10:37:16.286" endtime="20220104 10:37:18.306"/>
</kw>
<kw name="Maximize Browser Window" library="SeleniumLibrary">
<doc>Maximizes current browser window.</doc>
<status status="PASS" starttime="20220104 10:37:18.306" endtime="20220104 10:37:18.429"/>
</kw>
<status status="PASS" starttime="20220104 10:37:16.286" endtime="20220104 10:37:18.429"/>
</kw>
<kw name="Input Text" library="SeleniumLibrary">
<arg>id:user-name</arg>
<arg>${User}</arg>
<doc>Types the given ``text`` into the text field identified by ``locator``.</doc>
<msg timestamp="20220104 10:37:18.429" level="INFO">Typing text 'standard_user' into text field 'id:user-name'.</msg>
<status status="PASS" starttime="20220104 10:37:18.429" endtime="20220104 10:37:18.574"/>
</kw>
<kw name="Input Text" library="SeleniumLibrary">
<arg>id:password</arg>
<arg>${password}</arg>
<doc>Types the given ``text`` into the text field identified by ``locator``.</doc>
<msg timestamp="20220104 10:37:18.575" level="INFO">Typing text 'secret_sauce' into text field 'id:password'.</msg>
<status status="PASS" starttime="20220104 10:37:18.574" endtime="20220104 10:37:18.684"/>
</kw>
<kw name="Click Button" library="SeleniumLibrary">
<arg>id=login-button</arg>
<doc>Clicks the button identified by ``locator``.</doc>
<msg timestamp="20220104 10:37:18.685" level="INFO">Clicking button 'id=login-button'.</msg>
<status status="PASS" starttime="20220104 10:37:18.685" endtime="20220104 10:37:18.817"/>
</kw>
<kw name="Sleep" library="BuiltIn">
<arg>5s</arg>
<doc>Pauses the test executed for the given time.</doc>
<msg timestamp="20220104 10:37:23.826" level="INFO">Slept 5 seconds</msg>
<status status="PASS" starttime="20220104 10:37:18.817" endtime="20220104 10:37:23.826"/>
</kw>
<kw name="Get Element Count" library="SeleniumLibrary">
<var>${Item-on page}</var>
<arg>xpath:.//*[@class='inventory_item']</arg>
<doc>Returns the number of elements matching ``locator``.</doc>
<msg timestamp="20220104 10:37:23.844" level="INFO">${Item-on page} = 6</msg>
<status status="PASS" starttime="20220104 10:37:23.827" endtime="20220104 10:37:23.844"/>
</kw>
<kw name="Run Keyword If" library="BuiltIn">
<arg>${Item-on page} == 10</arg>
<arg>Test keyword 1</arg>
<arg>Else If</arg>
<arg>${Item-on page} &lt; 10 and ${Item-on page} &gt; 5</arg>
<arg>Test keyword 2</arg>
<doc>Runs the given keyword with the given arguments, if ``condition`` is true.</doc>
<status status="PASS" starttime="20220104 10:37:23.844" endtime="20220104 10:37:23.845"/>
</kw>
<kw name="Close web Browser" library="CommonWeb" type="TEARDOWN">
<kw name="Close Browser" library="SeleniumLibrary">
<doc>Closes the current browser.</doc>
<status status="PASS" starttime="20220104 10:37:23.846" endtime="20220104 10:37:26.066"/>
</kw>
<status status="PASS" starttime="20220104 10:37:23.846" endtime="20220104 10:37:26.066"/>
</kw>
<doc>this is first test</doc>
<tag>Smoke</tag>
<status status="PASS" starttime="20220104 10:37:16.286" endtime="20220104 10:37:26.066"/>
</test>
<status status="PASS" starttime="20220104 10:37:15.911" endtime="20220104 10:37:26.066"/>
</suite>
<statistics>
<total>
<stat pass="1" fail="0" skip="0">All Tests</stat>
</total>
<tag>
<stat pass="1" fail="0" skip="0">Smoke</stat>
</tag>
<suite>
<stat pass="1" fail="0" skip="0" id="s1" name="TestCase1">TestCase1</stat>
</suite>
</statistics>
<errors>
</errors>
</robot>
